<?xml version="1.0" encoding="UTF-8"?>
<!-- Generated by org.testng.reporters.JUnitXMLReporter -->
<testsuite ignored="10" hostname="Rakesh" failures="0" tests="3" name="Test" time="48.285" errors="0" timestamp="2025-03-24T08:45:35 IST">
  <testcase classname="organizationTests.ToCreateOrgTest" name="toCreateOrg__002" time="11.772"/>
  <testcase classname="organizationTests.ToCreateOrgWithTypeTest" name="ToCreateOrgWithTypeTest__004" time="11.395"/>
  <testcase classname="organizationTests.ToCreateOrgWithIndustryTest" name="toCreateOrgWithIndustry__003" time="10.244"/>
  <testcase classname="contactTests.ToCreateContactTest" name="toCreateContact__001" time="0.0">
    <ignored/>
  </testcase> <!-- toCreateContact__001 -->
  <testcase classname="genericUtility.BaseClass" name="@AfterSuite afterSuiteConfiguation" time="0.0">
    <ignored/>
  </testcase> <!-- @AfterSuite afterSuiteConfiguation -->
  <testcase classname="genericUtility.BaseClass" name="@AfterSuite afterSuiteConfiguation" time="0.0">
    <ignored/>
  </testcase> <!-- @AfterSuite afterSuiteConfiguation -->
  <testcase classname="genericUtility.BaseClass" name="@AfterSuite afterSuiteConfiguation" time="0.0">
    <ignored/>
  </testcase> <!-- @AfterSuite afterSuiteConfiguation -->
  <testcase classname="genericUtility.BaseClass" name="@AfterSuite afterSuiteConfiguation" time="0.0">
    <ignored/>
  </testcase> <!-- @AfterSuite afterSuiteConfiguation -->
  <testcase classname="genericUtility.BaseClass" name="@BeforeSuite beforeSuiteConfiguration" time="0.0">
    <ignored/>
  </testcase> <!-- @BeforeSuite beforeSuiteConfiguration -->
  <testcase classname="genericUtility.BaseClass" name="@BeforeSuite beforeSuiteConfiguration" time="0.0">
    <ignored/>
  </testcase> <!-- @BeforeSuite beforeSuiteConfiguration -->
  <testcase classname="genericUtility.BaseClass" name="@BeforeSuite beforeSuiteConfiguration" time="0.0">
    <ignored/>
  </testcase> <!-- @BeforeSuite beforeSuiteConfiguration -->
  <testcase classname="genericUtility.BaseClass" name="@BeforeSuite beforeSuiteConfiguration" time="0.0">
    <ignored/>
  </testcase> <!-- @BeforeSuite beforeSuiteConfiguration -->
  <testcase classname="contactTests.ToCreateContactWithOrgTest" name="ToCreateContactWithOrgTest__005" time="0.0">
    <ignored/>
  </testcase> <!-- ToCreateContactWithOrgTest__005 -->
</testsuite> <!-- Test -->
