<?xml version="1.0" encoding="UTF-8"?>
<!-- Generated by org.testng.reporters.JUnitXMLReporter -->
<testsuite ignored="12" hostname="Rakesh" failures="0" tests="5" name="Test1" time="30.394" errors="0" timestamp="2025-05-03T18:07:40 IST">
  <testcase classname="genericUtility.BaseClass" name="@BeforeMethod beforeMethodConfiguration" time="0.176">
    <failure type="java.lang.NullPointerException" message="Cannot invoke &amp;quot;org.openqa.selenium.SearchContext.findElement(org.openqa.selenium.By)&amp;quot; because &amp;quot;this.searchContext&amp;quot; is null">
      <![CDATA[java.lang.NullPointerException: Cannot invoke "org.openqa.selenium.SearchContext.findElement(org.openqa.selenium.By)" because "this.searchContext" is null
at org.openqa.selenium.support.pagefactory.DefaultElementLocator.findElement(DefaultElementLocator.java:68)
at org.openqa.selenium.support.pagefactory.internal.LocatingElementHandler.invoke(LocatingElementHandler.java:38)
at jdk.proxy2/jdk.proxy2.$Proxy20.sendKeys(Unknown Source)
at genericUtility.BaseClass.beforeMethodConfiguration(BaseClass.java:67)
at java.base/java.util.concurrent.ThreadPoolExecutor.runWorker(ThreadPoolExecutor.java:1144)
at java.base/java.util.concurrent.ThreadPoolExecutor$Worker.run(ThreadPoolExecutor.java:642)
at java.base/java.lang.Thread.run(Thread.java:1575)
... Removed 14 stack frames]]>
    </failure>
  </testcase> <!-- @BeforeMethod beforeMethodConfiguration -->
  <testcase classname="genericUtility.BaseClass" name="@BeforeMethod beforeMethodConfiguration" time="0.176">
    <failure type="java.lang.NullPointerException" message="Cannot invoke &amp;quot;org.openqa.selenium.SearchContext.findElement(org.openqa.selenium.By)&amp;quot; because &amp;quot;this.searchContext&amp;quot; is null">
      <![CDATA[java.lang.NullPointerException: Cannot invoke "org.openqa.selenium.SearchContext.findElement(org.openqa.selenium.By)" because "this.searchContext" is null
at org.openqa.selenium.support.pagefactory.DefaultElementLocator.findElement(DefaultElementLocator.java:68)
at org.openqa.selenium.support.pagefactory.internal.LocatingElementHandler.invoke(LocatingElementHandler.java:38)
at jdk.proxy2/jdk.proxy2.$Proxy20.sendKeys(Unknown Source)
at genericUtility.BaseClass.beforeMethodConfiguration(BaseClass.java:67)
at java.base/java.util.concurrent.ThreadPoolExecutor.runWorker(ThreadPoolExecutor.java:1144)
at java.base/java.util.concurrent.ThreadPoolExecutor$Worker.run(ThreadPoolExecutor.java:642)
at java.base/java.lang.Thread.run(Thread.java:1575)
... Removed 14 stack frames]]>
    </failure>
  </testcase> <!-- @BeforeMethod beforeMethodConfiguration -->
  <testcase classname="genericUtility.BaseClass" name="@BeforeMethod beforeMethodConfiguration" time="0.176">
    <failure type="java.lang.NullPointerException" message="Cannot invoke &amp;quot;org.openqa.selenium.SearchContext.findElement(org.openqa.selenium.By)&amp;quot; because &amp;quot;this.searchContext&amp;quot; is null">
      <![CDATA[java.lang.NullPointerException: Cannot invoke "org.openqa.selenium.SearchContext.findElement(org.openqa.selenium.By)" because "this.searchContext" is null
at org.openqa.selenium.support.pagefactory.DefaultElementLocator.findElement(DefaultElementLocator.java:68)
at org.openqa.selenium.support.pagefactory.internal.LocatingElementHandler.invoke(LocatingElementHandler.java:38)
at jdk.proxy2/jdk.proxy2.$Proxy20.sendKeys(Unknown Source)
at genericUtility.BaseClass.beforeMethodConfiguration(BaseClass.java:67)
at java.base/java.util.concurrent.ThreadPoolExecutor.runWorker(ThreadPoolExecutor.java:1144)
at java.base/java.util.concurrent.ThreadPoolExecutor$Worker.run(ThreadPoolExecutor.java:642)
at java.base/java.lang.Thread.run(Thread.java:1575)
... Removed 14 stack frames]]>
    </failure>
  </testcase> <!-- @BeforeMethod beforeMethodConfiguration -->
  <testcase classname="genericUtility.BaseClass" name="@BeforeMethod beforeMethodConfiguration" time="0.176">
    <failure type="java.lang.NullPointerException" message="Cannot invoke &amp;quot;org.openqa.selenium.SearchContext.findElement(org.openqa.selenium.By)&amp;quot; because &amp;quot;this.searchContext&amp;quot; is null">
      <![CDATA[java.lang.NullPointerException: Cannot invoke "org.openqa.selenium.SearchContext.findElement(org.openqa.selenium.By)" because "this.searchContext" is null
at org.openqa.selenium.support.pagefactory.DefaultElementLocator.findElement(DefaultElementLocator.java:68)
at org.openqa.selenium.support.pagefactory.internal.LocatingElementHandler.invoke(LocatingElementHandler.java:38)
at jdk.proxy2/jdk.proxy2.$Proxy20.sendKeys(Unknown Source)
at genericUtility.BaseClass.beforeMethodConfiguration(BaseClass.java:67)
at java.base/java.util.concurrent.ThreadPoolExecutor.runWorker(ThreadPoolExecutor.java:1144)
at java.base/java.util.concurrent.ThreadPoolExecutor$Worker.run(ThreadPoolExecutor.java:642)
at java.base/java.lang.Thread.run(Thread.java:1575)
... Removed 14 stack frames]]>
    </failure>
  </testcase> <!-- @BeforeMethod beforeMethodConfiguration -->
  <testcase classname="genericUtility.BaseClass" name="@AfterMethod afterMethodConfiguartion" time="-1.746275833197E9">
    <skipped/>
  </testcase> <!-- @AfterMethod afterMethodConfiguartion -->
  <testcase classname="genericUtility.BaseClass" name="@AfterMethod afterMethodConfiguartion" time="-1.746275833198E9">
    <skipped/>
  </testcase> <!-- @AfterMethod afterMethodConfiguartion -->
  <testcase classname="genericUtility.BaseClass" name="@AfterMethod afterMethodConfiguartion" time="-1.7462758332E9">
    <skipped/>
  </testcase> <!-- @AfterMethod afterMethodConfiguartion -->
  <testcase classname="genericUtility.BaseClass" name="@AfterClass afterClassConfiguation" time="-1.746275833204E9">
    <skipped/>
  </testcase> <!-- @AfterClass afterClassConfiguation -->
  <testcase classname="genericUtility.BaseClass" name="@AfterClass afterClassConfiguation" time="-1.746275833204E9">
    <skipped/>
  </testcase> <!-- @AfterClass afterClassConfiguation -->
  <testcase classname="genericUtility.BaseClass" name="@AfterMethod afterMethodConfiguartion" time="-1.7462758332E9">
    <skipped/>
  </testcase> <!-- @AfterMethod afterMethodConfiguartion -->
  <testcase classname="genericUtility.BaseClass" name="@AfterClass afterClassConfiguation" time="-1.746275833204E9">
    <skipped/>
  </testcase> <!-- @AfterClass afterClassConfiguation -->
  <testcase classname="genericUtility.BaseClass" name="@BeforeMethod beforeMethodConfiguration" time="0.001">
    <failure type="java.lang.NullPointerException" message="Cannot invoke &amp;quot;org.openqa.selenium.SearchContext.findElement(org.openqa.selenium.By)&amp;quot; because &amp;quot;this.searchContext&amp;quot; is null">
      <![CDATA[java.lang.NullPointerException: Cannot invoke "org.openqa.selenium.SearchContext.findElement(org.openqa.selenium.By)" because "this.searchContext" is null
at org.openqa.selenium.support.pagefactory.DefaultElementLocator.findElement(DefaultElementLocator.java:68)
at org.openqa.selenium.support.pagefactory.internal.LocatingElementHandler.invoke(LocatingElementHandler.java:38)
at jdk.proxy2/jdk.proxy2.$Proxy20.sendKeys(Unknown Source)
at genericUtility.BaseClass.beforeMethodConfiguration(BaseClass.java:67)
at java.base/java.util.concurrent.ThreadPoolExecutor.runWorker(ThreadPoolExecutor.java:1144)
at java.base/java.util.concurrent.ThreadPoolExecutor$Worker.run(ThreadPoolExecutor.java:642)
at java.base/java.lang.Thread.run(Thread.java:1575)
... Removed 14 stack frames]]>
    </failure>
  </testcase> <!-- @BeforeMethod beforeMethodConfiguration -->
  <testcase classname="genericUtility.BaseClass" name="@BeforeMethod beforeMethodConfiguration" time="0.001">
    <failure type="java.lang.NullPointerException" message="Cannot invoke &amp;quot;org.openqa.selenium.SearchContext.findElement(org.openqa.selenium.By)&amp;quot; because &amp;quot;this.searchContext&amp;quot; is null">
      <![CDATA[java.lang.NullPointerException: Cannot invoke "org.openqa.selenium.SearchContext.findElement(org.openqa.selenium.By)" because "this.searchContext" is null
at org.openqa.selenium.support.pagefactory.DefaultElementLocator.findElement(DefaultElementLocator.java:68)
at org.openqa.selenium.support.pagefactory.internal.LocatingElementHandler.invoke(LocatingElementHandler.java:38)
at jdk.proxy2/jdk.proxy2.$Proxy20.sendKeys(Unknown Source)
at genericUtility.BaseClass.beforeMethodConfiguration(BaseClass.java:67)
at java.base/java.util.concurrent.ThreadPoolExecutor.runWorker(ThreadPoolExecutor.java:1144)
at java.base/java.util.concurrent.ThreadPoolExecutor$Worker.run(ThreadPoolExecutor.java:642)
at java.base/java.lang.Thread.run(Thread.java:1575)
... Removed 14 stack frames]]>
    </failure>
  </testcase> <!-- @BeforeMethod beforeMethodConfiguration -->
  <testcase classname="genericUtility.BaseClass" name="@AfterClass afterClassConfiguation" time="-1.746275833207E9">
    <skipped/>
  </testcase> <!-- @AfterClass afterClassConfiguation -->
  <testcase classname="genericUtility.BaseClass" name="@BeforeMethod beforeMethodConfiguration" time="0.001">
    <failure type="java.lang.NullPointerException" message="Cannot invoke &amp;quot;org.openqa.selenium.SearchContext.findElement(org.openqa.selenium.By)&amp;quot; because &amp;quot;this.searchContext&amp;quot; is null">
      <![CDATA[java.lang.NullPointerException: Cannot invoke "org.openqa.selenium.SearchContext.findElement(org.openqa.selenium.By)" because "this.searchContext" is null
at org.openqa.selenium.support.pagefactory.DefaultElementLocator.findElement(DefaultElementLocator.java:68)
at org.openqa.selenium.support.pagefactory.internal.LocatingElementHandler.invoke(LocatingElementHandler.java:38)
at jdk.proxy2/jdk.proxy2.$Proxy20.sendKeys(Unknown Source)
at genericUtility.BaseClass.beforeMethodConfiguration(BaseClass.java:67)
at java.base/java.util.concurrent.ThreadPoolExecutor.runWorker(ThreadPoolExecutor.java:1144)
at java.base/java.util.concurrent.ThreadPoolExecutor$Worker.run(ThreadPoolExecutor.java:642)
at java.base/java.lang.Thread.run(Thread.java:1575)
... Removed 14 stack frames]]>
    </failure>
  </testcase> <!-- @BeforeMethod beforeMethodConfiguration -->
  <testcase classname="genericUtility.BaseClass" name="@AfterMethod afterMethodConfiguartion" time="-1.746275833213E9">
    <skipped/>
  </testcase> <!-- @AfterMethod afterMethodConfiguartion -->
  <testcase classname="genericUtility.BaseClass" name="@BeforeMethod beforeMethodConfiguration" time="0.001">
    <failure type="java.lang.NullPointerException" message="Cannot invoke &amp;quot;org.openqa.selenium.SearchContext.findElement(org.openqa.selenium.By)&amp;quot; because &amp;quot;this.searchContext&amp;quot; is null">
      <![CDATA[java.lang.NullPointerException: Cannot invoke "org.openqa.selenium.SearchContext.findElement(org.openqa.selenium.By)" because "this.searchContext" is null
at org.openqa.selenium.support.pagefactory.DefaultElementLocator.findElement(DefaultElementLocator.java:68)
at org.openqa.selenium.support.pagefactory.internal.LocatingElementHandler.invoke(LocatingElementHandler.java:38)
at jdk.proxy2/jdk.proxy2.$Proxy20.sendKeys(Unknown Source)
at genericUtility.BaseClass.beforeMethodConfiguration(BaseClass.java:67)
at java.base/java.util.concurrent.ThreadPoolExecutor.runWorker(ThreadPoolExecutor.java:1144)
at java.base/java.util.concurrent.ThreadPoolExecutor$Worker.run(ThreadPoolExecutor.java:642)
at java.base/java.lang.Thread.run(Thread.java:1575)
... Removed 14 stack frames]]>
    </failure>
  </testcase> <!-- @BeforeMethod beforeMethodConfiguration -->
  <testcase classname="genericUtility.BaseClass" name="@AfterClass afterClassConfiguation" time="-1.746275833215E9">
    <skipped/>
  </testcase> <!-- @AfterClass afterClassConfiguation -->
  <testcase classname="genericUtility.BaseClass" name="@AfterMethod afterMethodConfiguartion" time="-1.746275833217E9">
    <skipped/>
  </testcase> <!-- @AfterMethod afterMethodConfiguartion -->
  <testcase classname="genericUtility.BaseClass" name="@AfterClass afterClassConfiguation" time="-1.746275833217E9">
    <skipped/>
  </testcase> <!-- @AfterClass afterClassConfiguation -->
  <testcase classname="genericUtility.BaseClass" name="@AfterMethod afterMethodConfiguartion" time="-1.746275833218E9">
    <skipped/>
  </testcase> <!-- @AfterMethod afterMethodConfiguartion -->
  <testcase classname="genericUtility.BaseClass" name="@AfterClass afterClassConfiguation" time="-1.746275833222E9">
    <skipped/>
  </testcase> <!-- @AfterClass afterClassConfiguation -->
  <testcase classname="genericUtility.BaseClass" name="@AfterMethod afterMethodConfiguartion" time="-1.746275833222E9">
    <skipped/>
  </testcase> <!-- @AfterMethod afterMethodConfiguartion -->
  <testcase classname="genericUtility.BaseClass" name="@AfterClass afterClassConfiguation" time="-1.746275833224E9">
    <skipped/>
  </testcase> <!-- @AfterClass afterClassConfiguation -->
  <testcase classname="contactTests.ToCreateContactWithOrgTest" name="ToCreateContactWithOrgTest__005" time="0.0">
    <skipped/>
  </testcase> <!-- ToCreateContactWithOrgTest__005 -->
  <testcase classname="organizationTests.ToCreateOrgWithTypeTest" name="ToCreateOrgWithTypeTest__004" time="0.0">
    <skipped/>
  </testcase> <!-- ToCreateOrgWithTypeTest__004 -->
  <testcase classname="organizationTests.ToCreateOrgWithIndustryTest" name="toCreateOrgWithIndustry__003" time="0.0">
    <skipped/>
  </testcase> <!-- toCreateOrgWithIndustry__003 -->
  <testcase classname="contactTests.ToCreateContactTest" name="toCreateContact__001" time="0.0">
    <skipped/>
  </testcase> <!-- toCreateContact__001 -->
  <testcase classname="organizationTests.ToCreateOrgTest" name="toCreateOrg__002" time="19.74"/>
  <testcase classname="genericUtility.BaseClass" name="@AfterSuite afterSuiteConfiguation" time="0.0">
    <ignored/>
  </testcase> <!-- @AfterSuite afterSuiteConfiguation -->
  <testcase classname="genericUtility.BaseClass" name="@AfterSuite afterSuiteConfiguation" time="0.0">
    <ignored/>
  </testcase> <!-- @AfterSuite afterSuiteConfiguation -->
  <testcase classname="genericUtility.BaseClass" name="@AfterSuite afterSuiteConfiguation" time="0.0">
    <ignored/>
  </testcase> <!-- @AfterSuite afterSuiteConfiguation -->
  <testcase classname="genericUtility.BaseClass" name="@AfterSuite afterSuiteConfiguation" time="0.0">
    <ignored/>
  </testcase> <!-- @AfterSuite afterSuiteConfiguation -->
  <testcase classname="genericUtility.BaseClass" name="@BeforeTest beforeClassConfiguration" time="0.0">
    <ignored/>
  </testcase> <!-- @BeforeTest beforeClassConfiguration -->
  <testcase classname="genericUtility.BaseClass" name="@BeforeTest beforeClassConfiguration" time="0.0">
    <ignored/>
  </testcase> <!-- @BeforeTest beforeClassConfiguration -->
  <testcase classname="genericUtility.BaseClass" name="@BeforeTest beforeClassConfiguration" time="0.0">
    <ignored/>
  </testcase> <!-- @BeforeTest beforeClassConfiguration -->
  <testcase classname="genericUtility.BaseClass" name="@BeforeTest beforeClassConfiguration" time="0.0">
    <ignored/>
  </testcase> <!-- @BeforeTest beforeClassConfiguration -->
  <testcase classname="genericUtility.BaseClass" name="@BeforeSuite beforeSuiteConfiguration" time="0.0">
    <ignored/>
  </testcase> <!-- @BeforeSuite beforeSuiteConfiguration -->
  <testcase classname="genericUtility.BaseClass" name="@BeforeSuite beforeSuiteConfiguration" time="0.0">
    <ignored/>
  </testcase> <!-- @BeforeSuite beforeSuiteConfiguration -->
  <testcase classname="genericUtility.BaseClass" name="@BeforeSuite beforeSuiteConfiguration" time="0.0">
    <ignored/>
  </testcase> <!-- @BeforeSuite beforeSuiteConfiguration -->
  <testcase classname="genericUtility.BaseClass" name="@BeforeSuite beforeSuiteConfiguration" time="0.0">
    <ignored/>
  </testcase> <!-- @BeforeSuite beforeSuiteConfiguration -->
</testsuite> <!-- Test1 -->
