<?xml version="1.0" encoding="UTF-8"?>
<!-- Generated by org.testng.reporters.JUnitXMLReporter -->
<testsuite ignored="2" hostname="Rakesh" failures="0" tests="2" name="Test1" time="45.983" errors="0" timestamp="2025-03-24T21:40:34 IST">
  <testcase classname="contactTests.ToCreateContactWithOrgTest" name="ToCreateContactWithOrgTest__005" time="16.648"/>
  <testcase classname="contactTests.ToCreateContactTest" name="toCreateContact__001" time="16.894"/>
  <testcase classname="genericUtility.BaseClass" name="@AfterSuite afterSuiteConfiguation" time="0.0">
    <ignored/>
  </testcase> <!-- @AfterSuite afterSuiteConfiguation -->
  <testcase classname="genericUtility.BaseClass" name="@BeforeSuite beforeSuiteConfiguration" time="0.0">
    <ignored/>
  </testcase> <!-- @BeforeSuite beforeSuiteConfiguration -->
</testsuite> <!-- Test1 -->
