<?xml version="1.0" encoding="UTF-8"?>
<!-- Generated by org.testng.reporters.JUnitXMLReporter -->
<testsuite ignored="11" hostname="Rakesh" failures="0" tests="2" name="Test" time="37.437" errors="0" timestamp="2025-03-27T09:48:11 IST">
  <testcase classname="contactTests.ToCreateContactWithOrgTest" name="ToCreateContactWithOrgTest__005" time="13.149"/>
  <testcase classname="contactTests.ToCreateContactTest" name="toCreateContact__001" time="10.547"/>
  <testcase classname="genericUtility.BaseClass" name="@AfterSuite afterSuiteConfiguation" time="0.0">
    <ignored/>
  </testcase> <!-- @AfterSuite afterSuiteConfiguation -->
  <testcase classname="genericUtility.BaseClass" name="@BeforeSuite beforeSuiteConfiguration" time="0.0">
    <ignored/>
  </testcase> <!-- @BeforeSuite beforeSuiteConfiguration -->
  <testcase classname="genericUtility.BaseClass" name="@AfterSuite afterSuiteConfiguation" time="0.0">
    <ignored/>
  </testcase> <!-- @AfterSuite afterSuiteConfiguation -->
  <testcase classname="genericUtility.BaseClass" name="@BeforeSuite beforeSuiteConfiguration" time="0.0">
    <ignored/>
  </testcase> <!-- @BeforeSuite beforeSuiteConfiguration -->
  <testcase classname="genericUtility.BaseClass" name="@BeforeSuite beforeSuiteConfiguration" time="0.0">
    <ignored/>
  </testcase> <!-- @BeforeSuite beforeSuiteConfiguration -->
  <testcase classname="genericUtility.BaseClass" name="@AfterSuite afterSuiteConfiguation" time="0.0">
    <ignored/>
  </testcase> <!-- @AfterSuite afterSuiteConfiguation -->
  <testcase classname="organizationTests.ToCreateOrgTest" name="toCreateOrg__002" time="0.0">
    <ignored/>
  </testcase> <!-- toCreateOrg__002 -->
  <testcase classname="organizationTests.ToCreateOrgWithIndustryTest" name="toCreateOrgWithIndustry__003" time="0.0">
    <ignored/>
  </testcase> <!-- toCreateOrgWithIndustry__003 -->
  <testcase classname="genericUtility.BaseClass" name="@AfterSuite afterSuiteConfiguation" time="0.0">
    <ignored/>
  </testcase> <!-- @AfterSuite afterSuiteConfiguation -->
  <testcase classname="organizationTests.ToCreateOrgWithTypeTest" name="ToCreateOrgWithTypeTest__004" time="0.0">
    <ignored/>
  </testcase> <!-- ToCreateOrgWithTypeTest__004 -->
  <testcase classname="genericUtility.BaseClass" name="@BeforeSuite beforeSuiteConfiguration" time="0.0">
    <ignored/>
  </testcase> <!-- @BeforeSuite beforeSuiteConfiguration -->
</testsuite> <!-- Test -->
