<?xml version="1.0" encoding="UTF-8"?>
<testng-results ignored="0" total="1" passed="1" failed="0" skipped="0">
  <reporter-output>
    <line>
      <![CDATA[Database connection established]]>
    </line>
    <line>
      <![CDATA[WebDriver initialized: Yes]]>
    </line>
    <line>
      <![CDATA[Database connection disconnect]]>
    </line>
  </reporter-output>
  <suite started-at="2025-03-25T09:47:59 IST" name="Default suite" finished-at="2025-03-25T09:48:19 IST" duration-ms="20490">
    <groups>
      <group name="Regression">
        <method signature="ToCreateOrgWithTypeTest.ToCreateOrgWithTypeTest__004()[pri:0, instance:organizationTests.ToCreateOrgWithTypeTest@235834f2]" name="ToCreateOrgWithTypeTest__004" class="organizationTests.ToCreateOrgWithTypeTest"/>
      </group> <!-- Regression -->
    </groups>
    <test started-at="2025-03-25T09:47:59 IST" name="Default test" finished-at="2025-03-25T09:48:19 IST" duration-ms="20490">
      <class name="organizationTests.ToCreateOrgWithTypeTest">
        <test-method is-config="true" signature="beforeSuiteConfiguration()[pri:0, instance:organizationTests.ToCreateOrgWithTypeTest@235834f2]" started-at="2025-03-25T09:47:59 IST" name="beforeSuiteConfiguration" finished-at="2025-03-25T09:47:59 IST" duration-ms="8" status="PASS">
          <reporter-output>
            <line>
              <![CDATA[Database connection established]]>
            </line>
          </reporter-output>
        </test-method> <!-- beforeSuiteConfiguration -->
        <test-method is-config="true" signature="beforeClassConfiguration()[pri:0, instance:organizationTests.ToCreateOrgWithTypeTest@235834f2]" started-at="2025-03-25T09:47:59 IST" name="beforeClassConfiguration" finished-at="2025-03-25T09:48:01 IST" duration-ms="2309" status="PASS">
          <reporter-output>
          </reporter-output>
        </test-method> <!-- beforeClassConfiguration -->
        <test-method is-config="true" signature="beforeMethodConfiguration()[pri:0, instance:organizationTests.ToCreateOrgWithTypeTest@235834f2]" started-at="2025-03-25T09:48:01 IST" name="beforeMethodConfiguration" finished-at="2025-03-25T09:48:04 IST" duration-ms="3291" status="PASS">
          <reporter-output>
            <line>
              <![CDATA[WebDriver initialized: Yes]]>
            </line>
          </reporter-output>
        </test-method> <!-- beforeMethodConfiguration -->
        <test-method signature="ToCreateOrgWithTypeTest__004()[pri:0, instance:organizationTests.ToCreateOrgWithTypeTest@235834f2]" started-at="2025-03-25T09:48:04 IST" name="ToCreateOrgWithTypeTest__004" finished-at="2025-03-25T09:48:16 IST" duration-ms="11495" status="PASS">
          <reporter-output>
          </reporter-output>
        </test-method> <!-- ToCreateOrgWithTypeTest__004 -->
        <test-method is-config="true" signature="afterMethodConfiguartion()[pri:0, instance:organizationTests.ToCreateOrgWithTypeTest@235834f2]" started-at="2025-03-25T09:48:16 IST" name="afterMethodConfiguartion" finished-at="2025-03-25T09:48:19 IST" duration-ms="3229" status="PASS">
          <reporter-output>
          </reporter-output>
        </test-method> <!-- afterMethodConfiguartion -->
        <test-method is-config="true" signature="afterClassConfiguation()[pri:0, instance:organizationTests.ToCreateOrgWithTypeTest@235834f2]" started-at="2025-03-25T09:48:19 IST" name="afterClassConfiguation" finished-at="2025-03-25T09:48:19 IST" duration-ms="141" status="PASS">
          <reporter-output>
          </reporter-output>
        </test-method> <!-- afterClassConfiguation -->
        <test-method is-config="true" signature="afterSuiteConfiguation()[pri:0, instance:organizationTests.ToCreateOrgWithTypeTest@235834f2]" started-at="2025-03-25T09:48:19 IST" name="afterSuiteConfiguation" finished-at="2025-03-25T09:48:19 IST" duration-ms="0" status="PASS">
          <reporter-output>
            <line>
              <![CDATA[Database connection disconnect]]>
            </line>
          </reporter-output>
        </test-method> <!-- afterSuiteConfiguation -->
      </class> <!-- organizationTests.ToCreateOrgWithTypeTest -->
    </test> <!-- Default test -->
  </suite> <!-- Default suite -->
</testng-results>
